2017-03-08 21:10:09.626 [INFO]	[org.springframework.context.support.ClassPathXmlApplicationContext:main-578] Refreshing org.springframework.context.support.ClassPathXmlApplicationContext@117bcd8f: startup date [Wed Mar 08 21:10:09 CST 2017]; root of context hierarchy
2017-03-08 21:10:09.767 [INFO]	[org.springframework.beans.factory.xml.XmlBeanDefinitionReader:main-317] Loading XML bean definitions from class path resource [spring/applicationContext-dao.xml]
2017-03-08 21:10:10.474 [INFO]	[org.springframework.beans.factory.xml.XmlBeanDefinitionReader:main-317] Loading XML bean definitions from class path resource [spring/applicationContext-service.xml]
2017-03-08 21:10:10.669 [INFO]	[org.springframework.beans.factory.xml.XmlBeanDefinitionReader:main-317] Loading XML bean definitions from class path resource [spring/applicationContext-transaction.xml]
2017-03-08 21:10:10.707 [INFO]	[org.springframework.beans.factory.xml.XmlBeanDefinitionReader:main-317] Loading XML bean definitions from class path resource [spring/springMVC.xml]
2017-03-08 21:10:10.923 [INFO]	[org.springframework.beans.factory.xml.XmlBeanDefinitionReader:main-317] Loading XML bean definitions from class path resource [mybatis/SqlMapperConfig.xml]
2017-03-08 21:10:14.769 [INFO]	[org.springframework.beans.factory.config.PropertyPlaceholderConfigurer:main-172] Loading properties file from class path resource [mybatis/dbConfig.properties]
2017-03-08 21:10:15.956 [INFO]	[org.springframework.web.servlet.mvc.method.annotation.RequestMappingHandlerMapping:main-534] Mapped "{[/user/regist/VerifyEmail]}" onto public xin.fallen.vo.JsonResult xin.fallen.controller.UserIdentityCtrl.userEmailVerify(java.lang.String,java.lang.String)
2017-03-08 21:10:15.956 [INFO]	[org.springframework.web.servlet.mvc.method.annotation.RequestMappingHandlerMapping:main-534] Mapped "{[/user/login]}" onto public xin.fallen.vo.JsonResult xin.fallen.controller.UserIdentityCtrl.userLogin(java.lang.String,java.lang.String)
2017-03-08 21:10:15.956 [INFO]	[org.springframework.web.servlet.mvc.method.annotation.RequestMappingHandlerMapping:main-534] Mapped "{[/user/regist/SendEmail]}" onto public xin.fallen.vo.JsonResult xin.fallen.controller.UserIdentityCtrl.userEmailSend(java.lang.String)
2017-03-08 21:10:15.956 [INFO]	[org.springframework.web.servlet.mvc.method.annotation.RequestMappingHandlerMapping:main-534] Mapped "{[/user/regist]}" onto public xin.fallen.vo.JsonResult xin.fallen.controller.UserIdentityCtrl.userRegist(xin.fallen.bean.CnUser)
2017-03-08 21:10:15.956 [INFO]	[org.springframework.web.servlet.mvc.method.annotation.RequestMappingHandlerMapping:main-534] Mapped "{[/weather/pre]}" onto public xin.fallen.vo.JsonResult xin.fallen.controller.WeatherCtrl.getWeatherForecast(javax.servlet.http.HttpServletRequest)
2017-03-08 21:10:15.956 [INFO]	[org.springframework.web.servlet.mvc.method.annotation.RequestMappingHandlerMapping:main-534] Mapped "{[/weather/now]}" onto public xin.fallen.vo.JsonResult xin.fallen.controller.WeatherCtrl.getWeatherNow(javax.servlet.http.HttpServletRequest)
2017-03-08 21:10:16.040 [INFO]	[org.hibernate.validator.internal.util.Version:main-30] HV000001: Hibernate Validator 5.2.4.Final
2017-03-08 21:10:16.542 [INFO]	[org.springframework.web.servlet.mvc.method.annotation.RequestMappingHandlerAdapter:main-539] Looking for @ControllerAdvice: org.springframework.context.support.ClassPathXmlApplicationContext@117bcd8f: startup date [Wed Mar 08 21:10:09 CST 2017]; root of context hierarchy
2017-03-08 21:10:16.588 [INFO]	[org.springframework.web.servlet.mvc.method.annotation.RequestMappingHandlerAdapter:main-539] Looking for @ControllerAdvice: org.springframework.context.support.ClassPathXmlApplicationContext@117bcd8f: startup date [Wed Mar 08 21:10:09 CST 2017]; root of context hierarchy
2017-03-08 21:10:16.642 [INFO]	[org.springframework.web.servlet.handler.SimpleUrlHandlerMapping:main-341] Mapped URL path [/js/**] onto handler 'org.springframework.web.servlet.resource.ResourceHttpRequestHandler#0'
2017-03-08 21:10:16.657 [INFO]	[org.springframework.web.servlet.handler.SimpleUrlHandlerMapping:main-341] Mapped URL path [/images/**] onto handler 'org.springframework.web.servlet.resource.ResourceHttpRequestHandler#1'
2017-03-08 21:10:16.657 [INFO]	[org.springframework.web.servlet.handler.SimpleUrlHandlerMapping:main-341] Mapped URL path [/css/**] onto handler 'org.springframework.web.servlet.resource.ResourceHttpRequestHandler#2'
2017-03-08 21:10:17.289 [ERROR]	[logger:main-30] 序列化对象失败
2017-03-08 21:12:52.192 [INFO]	[org.springframework.context.support.ClassPathXmlApplicationContext:main-578] Refreshing org.springframework.context.support.ClassPathXmlApplicationContext@70da628b: startup date [Wed Mar 08 21:12:52 CST 2017]; root of context hierarchy
2017-03-08 21:12:52.245 [INFO]	[org.springframework.beans.factory.xml.XmlBeanDefinitionReader:main-317] Loading XML bean definitions from class path resource [spring/applicationContext-dao.xml]
2017-03-08 21:12:52.477 [INFO]	[org.springframework.beans.factory.xml.XmlBeanDefinitionReader:main-317] Loading XML bean definitions from class path resource [spring/applicationContext-service.xml]
2017-03-08 21:12:52.784 [INFO]	[org.springframework.beans.factory.xml.XmlBeanDefinitionReader:main-317] Loading XML bean definitions from class path resource [spring/applicationContext-transaction.xml]
2017-03-08 21:12:52.831 [INFO]	[org.springframework.beans.factory.xml.XmlBeanDefinitionReader:main-317] Loading XML bean definitions from class path resource [spring/springMVC.xml]
2017-03-08 21:12:53.220 [INFO]	[org.springframework.beans.factory.xml.XmlBeanDefinitionReader:main-317] Loading XML bean definitions from class path resource [mybatis/SqlMapperConfig.xml]
2017-03-08 21:13:01.853 [INFO]	[org.springframework.beans.factory.config.PropertyPlaceholderConfigurer:main-172] Loading properties file from class path resource [mybatis/dbConfig.properties]
2017-03-08 21:13:02.617 [INFO]	[org.springframework.web.servlet.mvc.method.annotation.RequestMappingHandlerMapping:main-534] Mapped "{[/user/regist/SendEmail]}" onto public xin.fallen.vo.JsonResult xin.fallen.controller.UserIdentityCtrl.userEmailSend(java.lang.String)
2017-03-08 21:13:02.617 [INFO]	[org.springframework.web.servlet.mvc.method.annotation.RequestMappingHandlerMapping:main-534] Mapped "{[/user/regist]}" onto public xin.fallen.vo.JsonResult xin.fallen.controller.UserIdentityCtrl.userRegist(xin.fallen.bean.CnUser)
2017-03-08 21:13:02.617 [INFO]	[org.springframework.web.servlet.mvc.method.annotation.RequestMappingHandlerMapping:main-534] Mapped "{[/user/login]}" onto public xin.fallen.vo.JsonResult xin.fallen.controller.UserIdentityCtrl.userLogin(java.lang.String,java.lang.String)
2017-03-08 21:13:02.617 [INFO]	[org.springframework.web.servlet.mvc.method.annotation.RequestMappingHandlerMapping:main-534] Mapped "{[/user/regist/VerifyEmail]}" onto public xin.fallen.vo.JsonResult xin.fallen.controller.UserIdentityCtrl.userEmailVerify(java.lang.String,java.lang.String)
2017-03-08 21:13:02.634 [INFO]	[org.springframework.web.servlet.mvc.method.annotation.RequestMappingHandlerMapping:main-534] Mapped "{[/weather/now]}" onto public xin.fallen.vo.JsonResult xin.fallen.controller.WeatherCtrl.getWeatherNow(javax.servlet.http.HttpServletRequest)
2017-03-08 21:13:02.635 [INFO]	[org.springframework.web.servlet.mvc.method.annotation.RequestMappingHandlerMapping:main-534] Mapped "{[/weather/pre]}" onto public xin.fallen.vo.JsonResult xin.fallen.controller.WeatherCtrl.getWeatherForecast(javax.servlet.http.HttpServletRequest)
2017-03-08 21:13:02.670 [INFO]	[org.hibernate.validator.internal.util.Version:main-30] HV000001: Hibernate Validator 5.2.4.Final
2017-03-08 21:13:03.087 [INFO]	[org.springframework.web.servlet.mvc.method.annotation.RequestMappingHandlerAdapter:main-539] Looking for @ControllerAdvice: org.springframework.context.support.ClassPathXmlApplicationContext@70da628b: startup date [Wed Mar 08 21:12:52 CST 2017]; root of context hierarchy
2017-03-08 21:13:03.140 [INFO]	[org.springframework.web.servlet.mvc.method.annotation.RequestMappingHandlerAdapter:main-539] Looking for @ControllerAdvice: org.springframework.context.support.ClassPathXmlApplicationContext@70da628b: startup date [Wed Mar 08 21:12:52 CST 2017]; root of context hierarchy
2017-03-08 21:13:03.187 [INFO]	[org.springframework.web.servlet.handler.SimpleUrlHandlerMapping:main-341] Mapped URL path [/js/**] onto handler 'org.springframework.web.servlet.resource.ResourceHttpRequestHandler#0'
2017-03-08 21:13:03.203 [INFO]	[org.springframework.web.servlet.handler.SimpleUrlHandlerMapping:main-341] Mapped URL path [/images/**] onto handler 'org.springframework.web.servlet.resource.ResourceHttpRequestHandler#1'
2017-03-08 21:13:03.203 [INFO]	[org.springframework.web.servlet.handler.SimpleUrlHandlerMapping:main-341] Mapped URL path [/css/**] onto handler 'org.springframework.web.servlet.resource.ResourceHttpRequestHandler#2'
2017-03-08 21:13:03.971 [ERROR]	[logger:main-42] 序列化对象失败
2017-03-08 21:18:17.665 [INFO]	[org.springframework.context.support.ClassPathXmlApplicationContext:main-578] Refreshing org.springframework.context.support.ClassPathXmlApplicationContext@6f189138: startup date [Wed Mar 08 21:18:17 CST 2017]; root of context hierarchy
2017-03-08 21:18:17.733 [INFO]	[org.springframework.beans.factory.xml.XmlBeanDefinitionReader:main-317] Loading XML bean definitions from class path resource [spring/applicationContext-dao.xml]
2017-03-08 21:18:17.981 [INFO]	[org.springframework.beans.factory.xml.XmlBeanDefinitionReader:main-317] Loading XML bean definitions from class path resource [spring/applicationContext-service.xml]
2017-03-08 21:18:18.225 [INFO]	[org.springframework.beans.factory.xml.XmlBeanDefinitionReader:main-317] Loading XML bean definitions from class path resource [spring/applicationContext-transaction.xml]
2017-03-08 21:18:18.259 [INFO]	[org.springframework.beans.factory.xml.XmlBeanDefinitionReader:main-317] Loading XML bean definitions from class path resource [spring/springMVC.xml]
2017-03-08 21:18:18.752 [INFO]	[org.springframework.beans.factory.xml.XmlBeanDefinitionReader:main-317] Loading XML bean definitions from class path resource [mybatis/SqlMapperConfig.xml]
2017-03-08 21:18:23.976 [INFO]	[org.springframework.beans.factory.config.PropertyPlaceholderConfigurer:main-172] Loading properties file from class path resource [mybatis/dbConfig.properties]
2017-03-08 21:18:24.778 [INFO]	[org.springframework.web.servlet.mvc.method.annotation.RequestMappingHandlerMapping:main-534] Mapped "{[/user/login]}" onto public xin.fallen.vo.JsonResult xin.fallen.controller.UserIdentityCtrl.userLogin(java.lang.String,java.lang.String)
2017-03-08 21:18:24.778 [INFO]	[org.springframework.web.servlet.mvc.method.annotation.RequestMappingHandlerMapping:main-534] Mapped "{[/user/regist]}" onto public xin.fallen.vo.JsonResult xin.fallen.controller.UserIdentityCtrl.userRegist(xin.fallen.bean.CnUser)
2017-03-08 21:18:24.778 [INFO]	[org.springframework.web.servlet.mvc.method.annotation.RequestMappingHandlerMapping:main-534] Mapped "{[/user/regist/SendEmail]}" onto public xin.fallen.vo.JsonResult xin.fallen.controller.UserIdentityCtrl.userEmailSend(java.lang.String)
2017-03-08 21:18:24.778 [INFO]	[org.springframework.web.servlet.mvc.method.annotation.RequestMappingHandlerMapping:main-534] Mapped "{[/user/regist/VerifyEmail]}" onto public xin.fallen.vo.JsonResult xin.fallen.controller.UserIdentityCtrl.userEmailVerify(java.lang.String,java.lang.String)
2017-03-08 21:18:24.778 [INFO]	[org.springframework.web.servlet.mvc.method.annotation.RequestMappingHandlerMapping:main-534] Mapped "{[/weather/now]}" onto public xin.fallen.vo.JsonResult xin.fallen.controller.WeatherCtrl.getWeatherNow(javax.servlet.http.HttpServletRequest)
2017-03-08 21:18:24.778 [INFO]	[org.springframework.web.servlet.mvc.method.annotation.RequestMappingHandlerMapping:main-534] Mapped "{[/weather/pre]}" onto public xin.fallen.vo.JsonResult xin.fallen.controller.WeatherCtrl.getWeatherForecast(javax.servlet.http.HttpServletRequest)
2017-03-08 21:18:24.816 [INFO]	[org.hibernate.validator.internal.util.Version:main-30] HV000001: Hibernate Validator 5.2.4.Final
2017-03-08 21:18:25.217 [INFO]	[org.springframework.web.servlet.mvc.method.annotation.RequestMappingHandlerAdapter:main-539] Looking for @ControllerAdvice: org.springframework.context.support.ClassPathXmlApplicationContext@6f189138: startup date [Wed Mar 08 21:18:17 CST 2017]; root of context hierarchy
2017-03-08 21:18:25.279 [INFO]	[org.springframework.web.servlet.mvc.method.annotation.RequestMappingHandlerAdapter:main-539] Looking for @ControllerAdvice: org.springframework.context.support.ClassPathXmlApplicationContext@6f189138: startup date [Wed Mar 08 21:18:17 CST 2017]; root of context hierarchy
2017-03-08 21:18:25.333 [INFO]	[org.springframework.web.servlet.handler.SimpleUrlHandlerMapping:main-341] Mapped URL path [/js/**] onto handler 'org.springframework.web.servlet.resource.ResourceHttpRequestHandler#0'
2017-03-08 21:18:25.333 [INFO]	[org.springframework.web.servlet.handler.SimpleUrlHandlerMapping:main-341] Mapped URL path [/images/**] onto handler 'org.springframework.web.servlet.resource.ResourceHttpRequestHandler#1'
2017-03-08 21:18:25.333 [INFO]	[org.springframework.web.servlet.handler.SimpleUrlHandlerMapping:main-341] Mapped URL path [/css/**] onto handler 'org.springframework.web.servlet.resource.ResourceHttpRequestHandler#2'
2017-03-08 21:19:19.757 [INFO]	[org.springframework.context.support.ClassPathXmlApplicationContext:main-578] Refreshing org.springframework.context.support.ClassPathXmlApplicationContext@6ffe7200: startup date [Wed Mar 08 21:19:19 CST 2017]; root of context hierarchy
2017-03-08 21:19:19.825 [INFO]	[org.springframework.beans.factory.xml.XmlBeanDefinitionReader:main-317] Loading XML bean definitions from class path resource [spring/applicationContext-dao.xml]
2017-03-08 21:19:20.121 [INFO]	[org.springframework.beans.factory.xml.XmlBeanDefinitionReader:main-317] Loading XML bean definitions from class path resource [spring/applicationContext-service.xml]
2017-03-08 21:19:20.379 [INFO]	[org.springframework.beans.factory.xml.XmlBeanDefinitionReader:main-317] Loading XML bean definitions from class path resource [spring/applicationContext-transaction.xml]
2017-03-08 21:19:20.412 [INFO]	[org.springframework.beans.factory.xml.XmlBeanDefinitionReader:main-317] Loading XML bean definitions from class path resource [spring/springMVC.xml]
2017-03-08 21:19:20.741 [INFO]	[org.springframework.beans.factory.xml.XmlBeanDefinitionReader:main-317] Loading XML bean definitions from class path resource [mybatis/SqlMapperConfig.xml]
2017-03-08 21:19:33.881 [INFO]	[org.springframework.beans.factory.config.PropertyPlaceholderConfigurer:main-172] Loading properties file from class path resource [mybatis/dbConfig.properties]
2017-03-08 21:19:34.683 [INFO]	[org.springframework.web.servlet.mvc.method.annotation.RequestMappingHandlerMapping:main-534] Mapped "{[/user/login]}" onto public xin.fallen.vo.JsonResult xin.fallen.controller.UserIdentityCtrl.userLogin(java.lang.String,java.lang.String)
2017-03-08 21:19:34.683 [INFO]	[org.springframework.web.servlet.mvc.method.annotation.RequestMappingHandlerMapping:main-534] Mapped "{[/user/regist]}" onto public xin.fallen.vo.JsonResult xin.fallen.controller.UserIdentityCtrl.userRegist(xin.fallen.bean.CnUser)
2017-03-08 21:19:34.683 [INFO]	[org.springframework.web.servlet.mvc.method.annotation.RequestMappingHandlerMapping:main-534] Mapped "{[/user/regist/SendEmail]}" onto public xin.fallen.vo.JsonResult xin.fallen.controller.UserIdentityCtrl.userEmailSend(java.lang.String)
2017-03-08 21:19:34.683 [INFO]	[org.springframework.web.servlet.mvc.method.annotation.RequestMappingHandlerMapping:main-534] Mapped "{[/user/regist/VerifyEmail]}" onto public xin.fallen.vo.JsonResult xin.fallen.controller.UserIdentityCtrl.userEmailVerify(java.lang.String,java.lang.String)
2017-03-08 21:19:34.683 [INFO]	[org.springframework.web.servlet.mvc.method.annotation.RequestMappingHandlerMapping:main-534] Mapped "{[/weather/now]}" onto public xin.fallen.vo.JsonResult xin.fallen.controller.WeatherCtrl.getWeatherNow(javax.servlet.http.HttpServletRequest)
2017-03-08 21:19:34.683 [INFO]	[org.springframework.web.servlet.mvc.method.annotation.RequestMappingHandlerMapping:main-534] Mapped "{[/weather/pre]}" onto public xin.fallen.vo.JsonResult xin.fallen.controller.WeatherCtrl.getWeatherForecast(javax.servlet.http.HttpServletRequest)
2017-03-08 21:19:34.730 [INFO]	[org.hibernate.validator.internal.util.Version:main-30] HV000001: Hibernate Validator 5.2.4.Final
2017-03-08 21:19:35.125 [INFO]	[org.springframework.web.servlet.mvc.method.annotation.RequestMappingHandlerAdapter:main-539] Looking for @ControllerAdvice: org.springframework.context.support.ClassPathXmlApplicationContext@6ffe7200: startup date [Wed Mar 08 21:19:19 CST 2017]; root of context hierarchy
2017-03-08 21:19:35.192 [INFO]	[org.springframework.web.servlet.mvc.method.annotation.RequestMappingHandlerAdapter:main-539] Looking for @ControllerAdvice: org.springframework.context.support.ClassPathXmlApplicationContext@6ffe7200: startup date [Wed Mar 08 21:19:19 CST 2017]; root of context hierarchy
2017-03-08 21:19:35.241 [INFO]	[org.springframework.web.servlet.handler.SimpleUrlHandlerMapping:main-341] Mapped URL path [/js/**] onto handler 'org.springframework.web.servlet.resource.ResourceHttpRequestHandler#0'
2017-03-08 21:19:35.241 [INFO]	[org.springframework.web.servlet.handler.SimpleUrlHandlerMapping:main-341] Mapped URL path [/images/**] onto handler 'org.springframework.web.servlet.resource.ResourceHttpRequestHandler#1'
2017-03-08 21:19:35.241 [INFO]	[org.springframework.web.servlet.handler.SimpleUrlHandlerMapping:main-341] Mapped URL path [/css/**] onto handler 'org.springframework.web.servlet.resource.ResourceHttpRequestHandler#2'
2017-03-08 21:22:30.822 [INFO]	[org.springframework.context.support.ClassPathXmlApplicationContext:main-578] Refreshing org.springframework.context.support.ClassPathXmlApplicationContext@494e7ad5: startup date [Wed Mar 08 21:22:30 CST 2017]; root of context hierarchy
2017-03-08 21:22:30.884 [INFO]	[org.springframework.beans.factory.xml.XmlBeanDefinitionReader:main-317] Loading XML bean definitions from class path resource [spring/applicationContext-dao.xml]
2017-03-08 21:22:31.100 [INFO]	[org.springframework.beans.factory.xml.XmlBeanDefinitionReader:main-317] Loading XML bean definitions from class path resource [spring/applicationContext-service.xml]
2017-03-08 21:22:31.313 [INFO]	[org.springframework.beans.factory.xml.XmlBeanDefinitionReader:main-317] Loading XML bean definitions from class path resource [spring/applicationContext-transaction.xml]
2017-03-08 21:22:31.355 [INFO]	[org.springframework.beans.factory.xml.XmlBeanDefinitionReader:main-317] Loading XML bean definitions from class path resource [spring/springMVC.xml]
2017-03-08 21:22:31.641 [INFO]	[org.springframework.beans.factory.xml.XmlBeanDefinitionReader:main-317] Loading XML bean definitions from class path resource [mybatis/SqlMapperConfig.xml]
2017-03-08 21:22:37.973 [INFO]	[org.springframework.beans.factory.config.PropertyPlaceholderConfigurer:main-172] Loading properties file from class path resource [mybatis/dbConfig.properties]
2017-03-08 21:22:38.790 [INFO]	[org.springframework.web.servlet.mvc.method.annotation.RequestMappingHandlerMapping:main-534] Mapped "{[/user/regist/VerifyEmail]}" onto public xin.fallen.vo.JsonResult xin.fallen.controller.UserIdentityCtrl.userEmailVerify(java.lang.String,java.lang.String)
2017-03-08 21:22:38.790 [INFO]	[org.springframework.web.servlet.mvc.method.annotation.RequestMappingHandlerMapping:main-534] Mapped "{[/user/regist]}" onto public xin.fallen.vo.JsonResult xin.fallen.controller.UserIdentityCtrl.userRegist(xin.fallen.bean.CnUser)
2017-03-08 21:22:38.790 [INFO]	[org.springframework.web.servlet.mvc.method.annotation.RequestMappingHandlerMapping:main-534] Mapped "{[/user/login]}" onto public xin.fallen.vo.JsonResult xin.fallen.controller.UserIdentityCtrl.userLogin(java.lang.String,java.lang.String)
2017-03-08 21:22:38.790 [INFO]	[org.springframework.web.servlet.mvc.method.annotation.RequestMappingHandlerMapping:main-534] Mapped "{[/user/regist/SendEmail]}" onto public xin.fallen.vo.JsonResult xin.fallen.controller.UserIdentityCtrl.userEmailSend(java.lang.String)
2017-03-08 21:22:38.806 [INFO]	[org.springframework.web.servlet.mvc.method.annotation.RequestMappingHandlerMapping:main-534] Mapped "{[/weather/pre]}" onto public xin.fallen.vo.JsonResult xin.fallen.controller.WeatherCtrl.getWeatherForecast(javax.servlet.http.HttpServletRequest)
2017-03-08 21:22:38.806 [INFO]	[org.springframework.web.servlet.mvc.method.annotation.RequestMappingHandlerMapping:main-534] Mapped "{[/weather/now]}" onto public xin.fallen.vo.JsonResult xin.fallen.controller.WeatherCtrl.getWeatherNow(javax.servlet.http.HttpServletRequest)
2017-03-08 21:22:38.859 [INFO]	[org.hibernate.validator.internal.util.Version:main-30] HV000001: Hibernate Validator 5.2.4.Final
2017-03-08 21:22:39.307 [INFO]	[org.springframework.web.servlet.mvc.method.annotation.RequestMappingHandlerAdapter:main-539] Looking for @ControllerAdvice: org.springframework.context.support.ClassPathXmlApplicationContext@494e7ad5: startup date [Wed Mar 08 21:22:30 CST 2017]; root of context hierarchy
2017-03-08 21:22:39.376 [INFO]	[org.springframework.web.servlet.mvc.method.annotation.RequestMappingHandlerAdapter:main-539] Looking for @ControllerAdvice: org.springframework.context.support.ClassPathXmlApplicationContext@494e7ad5: startup date [Wed Mar 08 21:22:30 CST 2017]; root of context hierarchy
2017-03-08 21:22:39.441 [INFO]	[org.springframework.web.servlet.handler.SimpleUrlHandlerMapping:main-341] Mapped URL path [/js/**] onto handler 'org.springframework.web.servlet.resource.ResourceHttpRequestHandler#0'
2017-03-08 21:22:39.445 [INFO]	[org.springframework.web.servlet.handler.SimpleUrlHandlerMapping:main-341] Mapped URL path [/images/**] onto handler 'org.springframework.web.servlet.resource.ResourceHttpRequestHandler#1'
2017-03-08 21:22:39.445 [INFO]	[org.springframework.web.servlet.handler.SimpleUrlHandlerMapping:main-341] Mapped URL path [/css/**] onto handler 'org.springframework.web.servlet.resource.ResourceHttpRequestHandler#2'
2017-03-08 22:02:57.536 [INFO]	[org.springframework.context.support.ClassPathXmlApplicationContext:main-578] Refreshing org.springframework.context.support.ClassPathXmlApplicationContext@3695159b: startup date [Wed Mar 08 22:02:57 CST 2017]; root of context hierarchy
2017-03-08 22:02:57.619 [INFO]	[org.springframework.beans.factory.xml.XmlBeanDefinitionReader:main-317] Loading XML bean definitions from class path resource [spring/applicationContext-dao.xml]
2017-03-08 22:02:57.979 [INFO]	[org.springframework.beans.factory.xml.XmlBeanDefinitionReader:main-317] Loading XML bean definitions from class path resource [spring/applicationContext-service.xml]
2017-03-08 22:02:58.267 [INFO]	[org.springframework.beans.factory.xml.XmlBeanDefinitionReader:main-317] Loading XML bean definitions from class path resource [spring/applicationContext-transaction.xml]
2017-03-08 22:02:58.299 [INFO]	[org.springframework.beans.factory.xml.XmlBeanDefinitionReader:main-317] Loading XML bean definitions from class path resource [spring/springMVC.xml]
2017-03-08 22:02:58.674 [INFO]	[org.springframework.beans.factory.xml.XmlBeanDefinitionReader:main-317] Loading XML bean definitions from class path resource [mybatis/SqlMapperConfig.xml]
2017-03-08 22:03:00.588 [INFO]	[org.springframework.beans.factory.config.PropertyPlaceholderConfigurer:main-172] Loading properties file from class path resource [mybatis/dbConfig.properties]
2017-03-08 22:03:01.405 [INFO]	[org.springframework.web.servlet.mvc.method.annotation.RequestMappingHandlerMapping:main-534] Mapped "{[/user/regist/VerifyEmail]}" onto public xin.fallen.vo.JsonResult xin.fallen.controller.UserIdentityCtrl.userEmailVerify(java.lang.String,java.lang.String)
2017-03-08 22:03:01.405 [INFO]	[org.springframework.web.servlet.mvc.method.annotation.RequestMappingHandlerMapping:main-534] Mapped "{[/user/login]}" onto public xin.fallen.vo.JsonResult xin.fallen.controller.UserIdentityCtrl.userLogin(java.lang.String,java.lang.String)
2017-03-08 22:03:01.405 [INFO]	[org.springframework.web.servlet.mvc.method.annotation.RequestMappingHandlerMapping:main-534] Mapped "{[/user/regist/SendEmail]}" onto public xin.fallen.vo.JsonResult xin.fallen.controller.UserIdentityCtrl.userEmailSend(java.lang.String)
2017-03-08 22:03:01.405 [INFO]	[org.springframework.web.servlet.mvc.method.annotation.RequestMappingHandlerMapping:main-534] Mapped "{[/user/regist]}" onto public xin.fallen.vo.JsonResult xin.fallen.controller.UserIdentityCtrl.userRegist(xin.fallen.bean.CnUser)
2017-03-08 22:03:01.405 [INFO]	[org.springframework.web.servlet.mvc.method.annotation.RequestMappingHandlerMapping:main-534] Mapped "{[/weather/pre]}" onto public xin.fallen.vo.JsonResult xin.fallen.controller.WeatherCtrl.getWeatherForecast(javax.servlet.http.HttpServletRequest)
2017-03-08 22:03:01.405 [INFO]	[org.springframework.web.servlet.mvc.method.annotation.RequestMappingHandlerMapping:main-534] Mapped "{[/weather/now]}" onto public xin.fallen.vo.JsonResult xin.fallen.controller.WeatherCtrl.getWeatherNow(javax.servlet.http.HttpServletRequest)
2017-03-08 22:03:01.442 [INFO]	[org.hibernate.validator.internal.util.Version:main-30] HV000001: Hibernate Validator 5.2.4.Final
2017-03-08 22:03:01.842 [INFO]	[org.springframework.web.servlet.mvc.method.annotation.RequestMappingHandlerAdapter:main-539] Looking for @ControllerAdvice: org.springframework.context.support.ClassPathXmlApplicationContext@3695159b: startup date [Wed Mar 08 22:02:57 CST 2017]; root of context hierarchy
2017-03-08 22:03:01.911 [INFO]	[org.springframework.web.servlet.mvc.method.annotation.RequestMappingHandlerAdapter:main-539] Looking for @ControllerAdvice: org.springframework.context.support.ClassPathXmlApplicationContext@3695159b: startup date [Wed Mar 08 22:02:57 CST 2017]; root of context hierarchy
2017-03-08 22:03:01.959 [INFO]	[org.springframework.web.servlet.handler.SimpleUrlHandlerMapping:main-341] Mapped URL path [/js/**] onto handler 'org.springframework.web.servlet.resource.ResourceHttpRequestHandler#0'
2017-03-08 22:03:01.959 [INFO]	[org.springframework.web.servlet.handler.SimpleUrlHandlerMapping:main-341] Mapped URL path [/images/**] onto handler 'org.springframework.web.servlet.resource.ResourceHttpRequestHandler#1'
2017-03-08 22:03:01.975 [INFO]	[org.springframework.web.servlet.handler.SimpleUrlHandlerMapping:main-341] Mapped URL path [/css/**] onto handler 'org.springframework.web.servlet.resource.ResourceHttpRequestHandler#2'
2017-03-08 22:18:32.777 [INFO]	[org.springframework.context.support.ClassPathXmlApplicationContext:main-578] Refreshing org.springframework.context.support.ClassPathXmlApplicationContext@29ee9771: startup date [Wed Mar 08 22:18:32 CST 2017]; root of context hierarchy
2017-03-08 22:18:32.830 [INFO]	[org.springframework.beans.factory.xml.XmlBeanDefinitionReader:main-317] Loading XML bean definitions from class path resource [spring/applicationContext-dao.xml]
2017-03-08 22:18:33.109 [INFO]	[org.springframework.beans.factory.xml.XmlBeanDefinitionReader:main-317] Loading XML bean definitions from class path resource [spring/applicationContext-service.xml]
2017-03-08 22:18:33.351 [INFO]	[org.springframework.beans.factory.xml.XmlBeanDefinitionReader:main-317] Loading XML bean definitions from class path resource [spring/applicationContext-transaction.xml]
2017-03-08 22:18:33.398 [INFO]	[org.springframework.beans.factory.xml.XmlBeanDefinitionReader:main-317] Loading XML bean definitions from class path resource [spring/springMVC.xml]
2017-03-08 22:18:33.686 [INFO]	[org.springframework.beans.factory.xml.XmlBeanDefinitionReader:main-317] Loading XML bean definitions from class path resource [mybatis/SqlMapperConfig.xml]
2017-03-08 22:18:39.128 [INFO]	[org.springframework.beans.factory.config.PropertyPlaceholderConfigurer:main-172] Loading properties file from class path resource [mybatis/dbConfig.properties]
2017-03-08 22:18:39.962 [INFO]	[org.springframework.web.servlet.mvc.method.annotation.RequestMappingHandlerMapping:main-534] Mapped "{[/user/login]}" onto public xin.fallen.vo.JsonResult xin.fallen.controller.UserIdentityCtrl.userLogin(java.lang.String,java.lang.String)
2017-03-08 22:18:39.962 [INFO]	[org.springframework.web.servlet.mvc.method.annotation.RequestMappingHandlerMapping:main-534] Mapped "{[/user/regist/SendEmail]}" onto public xin.fallen.vo.JsonResult xin.fallen.controller.UserIdentityCtrl.userEmailSend(java.lang.String)
2017-03-08 22:18:39.962 [INFO]	[org.springframework.web.servlet.mvc.method.annotation.RequestMappingHandlerMapping:main-534] Mapped "{[/user/regist]}" onto public xin.fallen.vo.JsonResult xin.fallen.controller.UserIdentityCtrl.userRegist(xin.fallen.bean.CnUser)
2017-03-08 22:18:39.962 [INFO]	[org.springframework.web.servlet.mvc.method.annotation.RequestMappingHandlerMapping:main-534] Mapped "{[/user/regist/VerifyEmail]}" onto public xin.fallen.vo.JsonResult xin.fallen.controller.UserIdentityCtrl.userEmailVerify(java.lang.String,java.lang.String)
2017-03-08 22:18:39.978 [INFO]	[org.springframework.web.servlet.mvc.method.annotation.RequestMappingHandlerMapping:main-534] Mapped "{[/weather/now]}" onto public xin.fallen.vo.JsonResult xin.fallen.controller.WeatherCtrl.getWeatherNow(javax.servlet.http.HttpServletRequest)
2017-03-08 22:18:39.979 [INFO]	[org.springframework.web.servlet.mvc.method.annotation.RequestMappingHandlerMapping:main-534] Mapped "{[/weather/pre]}" onto public xin.fallen.vo.JsonResult xin.fallen.controller.WeatherCtrl.getWeatherForecast(javax.servlet.http.HttpServletRequest)
2017-03-08 22:18:40.015 [INFO]	[org.hibernate.validator.internal.util.Version:main-30] HV000001: Hibernate Validator 5.2.4.Final
2017-03-08 22:18:40.434 [INFO]	[org.springframework.web.servlet.mvc.method.annotation.RequestMappingHandlerAdapter:main-539] Looking for @ControllerAdvice: org.springframework.context.support.ClassPathXmlApplicationContext@29ee9771: startup date [Wed Mar 08 22:18:32 CST 2017]; root of context hierarchy
2017-03-08 22:18:40.481 [INFO]	[org.springframework.web.servlet.mvc.method.annotation.RequestMappingHandlerAdapter:main-539] Looking for @ControllerAdvice: org.springframework.context.support.ClassPathXmlApplicationContext@29ee9771: startup date [Wed Mar 08 22:18:32 CST 2017]; root of context hierarchy
2017-03-08 22:18:40.550 [INFO]	[org.springframework.web.servlet.handler.SimpleUrlHandlerMapping:main-341] Mapped URL path [/js/**] onto handler 'org.springframework.web.servlet.resource.ResourceHttpRequestHandler#0'
2017-03-08 22:18:40.550 [INFO]	[org.springframework.web.servlet.handler.SimpleUrlHandlerMapping:main-341] Mapped URL path [/images/**] onto handler 'org.springframework.web.servlet.resource.ResourceHttpRequestHandler#1'
2017-03-08 22:18:40.550 [INFO]	[org.springframework.web.servlet.handler.SimpleUrlHandlerMapping:main-341] Mapped URL path [/css/**] onto handler 'org.springframework.web.servlet.resource.ResourceHttpRequestHandler#2'
2017-03-08 22:21:21.386 [INFO]	[org.springframework.context.support.ClassPathXmlApplicationContext:main-578] Refreshing org.springframework.context.support.ClassPathXmlApplicationContext@75bd8f1b: startup date [Wed Mar 08 22:21:21 CST 2017]; root of context hierarchy
2017-03-08 22:21:21.455 [INFO]	[org.springframework.beans.factory.xml.XmlBeanDefinitionReader:main-317] Loading XML bean definitions from class path resource [spring/applicationContext-dao.xml]
2017-03-08 22:21:21.772 [INFO]	[org.springframework.beans.factory.xml.XmlBeanDefinitionReader:main-317] Loading XML bean definitions from class path resource [spring/applicationContext-service.xml]
2017-03-08 22:21:22.025 [INFO]	[org.springframework.beans.factory.xml.XmlBeanDefinitionReader:main-317] Loading XML bean definitions from class path resource [spring/applicationContext-transaction.xml]
2017-03-08 22:21:22.076 [INFO]	[org.springframework.beans.factory.xml.XmlBeanDefinitionReader:main-317] Loading XML bean definitions from class path resource [spring/springMVC.xml]
2017-03-08 22:21:22.333 [INFO]	[org.springframework.beans.factory.xml.XmlBeanDefinitionReader:main-317] Loading XML bean definitions from class path resource [mybatis/SqlMapperConfig.xml]
2017-03-08 22:21:26.172 [INFO]	[org.springframework.beans.factory.config.PropertyPlaceholderConfigurer:main-172] Loading properties file from class path resource [mybatis/dbConfig.properties]
2017-03-08 22:21:26.958 [INFO]	[org.springframework.web.servlet.mvc.method.annotation.RequestMappingHandlerMapping:main-534] Mapped "{[/user/regist/VerifyEmail]}" onto public xin.fallen.vo.JsonResult xin.fallen.controller.UserIdentityCtrl.userEmailVerify(java.lang.String,java.lang.String)
2017-03-08 22:21:26.958 [INFO]	[org.springframework.web.servlet.mvc.method.annotation.RequestMappingHandlerMapping:main-534] Mapped "{[/user/login]}" onto public xin.fallen.vo.JsonResult xin.fallen.controller.UserIdentityCtrl.userLogin(java.lang.String,java.lang.String)
2017-03-08 22:21:26.958 [INFO]	[org.springframework.web.servlet.mvc.method.annotation.RequestMappingHandlerMapping:main-534] Mapped "{[/user/regist]}" onto public xin.fallen.vo.JsonResult xin.fallen.controller.UserIdentityCtrl.userRegist(xin.fallen.bean.CnUser)
2017-03-08 22:21:26.958 [INFO]	[org.springframework.web.servlet.mvc.method.annotation.RequestMappingHandlerMapping:main-534] Mapped "{[/user/regist/SendEmail]}" onto public xin.fallen.vo.JsonResult xin.fallen.controller.UserIdentityCtrl.userEmailSend(java.lang.String)
2017-03-08 22:21:26.958 [INFO]	[org.springframework.web.servlet.mvc.method.annotation.RequestMappingHandlerMapping:main-534] Mapped "{[/weather/pre]}" onto public xin.fallen.vo.JsonResult xin.fallen.controller.WeatherCtrl.getWeatherForecast(javax.servlet.http.HttpServletRequest)
2017-03-08 22:21:26.958 [INFO]	[org.springframework.web.servlet.mvc.method.annotation.RequestMappingHandlerMapping:main-534] Mapped "{[/weather/now]}" onto public xin.fallen.vo.JsonResult xin.fallen.controller.WeatherCtrl.getWeatherNow(javax.servlet.http.HttpServletRequest)
2017-03-08 22:21:27.005 [INFO]	[org.hibernate.validator.internal.util.Version:main-30] HV000001: Hibernate Validator 5.2.4.Final
2017-03-08 22:21:27.456 [INFO]	[org.springframework.web.servlet.mvc.method.annotation.RequestMappingHandlerAdapter:main-539] Looking for @ControllerAdvice: org.springframework.context.support.ClassPathXmlApplicationContext@75bd8f1b: startup date [Wed Mar 08 22:21:21 CST 2017]; root of context hierarchy
2017-03-08 22:21:27.525 [INFO]	[org.springframework.web.servlet.mvc.method.annotation.RequestMappingHandlerAdapter:main-539] Looking for @ControllerAdvice: org.springframework.context.support.ClassPathXmlApplicationContext@75bd8f1b: startup date [Wed Mar 08 22:21:21 CST 2017]; root of context hierarchy
2017-03-08 22:21:27.588 [INFO]	[org.springframework.web.servlet.handler.SimpleUrlHandlerMapping:main-341] Mapped URL path [/js/**] onto handler 'org.springframework.web.servlet.resource.ResourceHttpRequestHandler#0'
2017-03-08 22:21:27.588 [INFO]	[org.springframework.web.servlet.handler.SimpleUrlHandlerMapping:main-341] Mapped URL path [/images/**] onto handler 'org.springframework.web.servlet.resource.ResourceHttpRequestHandler#1'
2017-03-08 22:21:27.604 [INFO]	[org.springframework.web.servlet.handler.SimpleUrlHandlerMapping:main-341] Mapped URL path [/css/**] onto handler 'org.springframework.web.servlet.resource.ResourceHttpRequestHandler#2'
2017-03-08 22:22:44.382 [INFO]	[org.springframework.context.support.ClassPathXmlApplicationContext:main-578] Refreshing org.springframework.context.support.ClassPathXmlApplicationContext@6ffe7200: startup date [Wed Mar 08 22:22:44 CST 2017]; root of context hierarchy
2017-03-08 22:22:44.451 [INFO]	[org.springframework.beans.factory.xml.XmlBeanDefinitionReader:main-317] Loading XML bean definitions from class path resource [spring/applicationContext-dao.xml]
2017-03-08 22:22:44.776 [INFO]	[org.springframework.beans.factory.xml.XmlBeanDefinitionReader:main-317] Loading XML bean definitions from class path resource [spring/applicationContext-service.xml]
2017-03-08 22:22:45.050 [INFO]	[org.springframework.beans.factory.xml.XmlBeanDefinitionReader:main-317] Loading XML bean definitions from class path resource [spring/applicationContext-transaction.xml]
2017-03-08 22:22:45.082 [INFO]	[org.springframework.beans.factory.xml.XmlBeanDefinitionReader:main-317] Loading XML bean definitions from class path resource [spring/springMVC.xml]
2017-03-08 22:22:45.469 [INFO]	[org.springframework.beans.factory.xml.XmlBeanDefinitionReader:main-317] Loading XML bean definitions from class path resource [mybatis/SqlMapperConfig.xml]
2017-03-08 22:22:47.150 [INFO]	[org.springframework.beans.factory.config.PropertyPlaceholderConfigurer:main-172] Loading properties file from class path resource [mybatis/dbConfig.properties]
2017-03-08 22:22:47.953 [INFO]	[org.springframework.web.servlet.mvc.method.annotation.RequestMappingHandlerMapping:main-534] Mapped "{[/user/regist/VerifyEmail]}" onto public xin.fallen.vo.JsonResult xin.fallen.controller.UserIdentityCtrl.userEmailVerify(java.lang.String,java.lang.String)
2017-03-08 22:22:47.953 [INFO]	[org.springframework.web.servlet.mvc.method.annotation.RequestMappingHandlerMapping:main-534] Mapped "{[/user/login]}" onto public xin.fallen.vo.JsonResult xin.fallen.controller.UserIdentityCtrl.userLogin(java.lang.String,java.lang.String)
2017-03-08 22:22:47.953 [INFO]	[org.springframework.web.servlet.mvc.method.annotation.RequestMappingHandlerMapping:main-534] Mapped "{[/user/regist]}" onto public xin.fallen.vo.JsonResult xin.fallen.controller.UserIdentityCtrl.userRegist(xin.fallen.bean.CnUser)
2017-03-08 22:22:47.953 [INFO]	[org.springframework.web.servlet.mvc.method.annotation.RequestMappingHandlerMapping:main-534] Mapped "{[/user/regist/SendEmail]}" onto public xin.fallen.vo.JsonResult xin.fallen.controller.UserIdentityCtrl.userEmailSend(java.lang.String)
2017-03-08 22:22:47.953 [INFO]	[org.springframework.web.servlet.mvc.method.annotation.RequestMappingHandlerMapping:main-534] Mapped "{[/weather/pre]}" onto public xin.fallen.vo.JsonResult xin.fallen.controller.WeatherCtrl.getWeatherForecast(javax.servlet.http.HttpServletRequest)
2017-03-08 22:22:47.953 [INFO]	[org.springframework.web.servlet.mvc.method.annotation.RequestMappingHandlerMapping:main-534] Mapped "{[/weather/now]}" onto public xin.fallen.vo.JsonResult xin.fallen.controller.WeatherCtrl.getWeatherNow(javax.servlet.http.HttpServletRequest)
2017-03-08 22:22:47.999 [INFO]	[org.hibernate.validator.internal.util.Version:main-30] HV000001: Hibernate Validator 5.2.4.Final
2017-03-08 22:22:48.500 [INFO]	[org.springframework.web.servlet.mvc.method.annotation.RequestMappingHandlerAdapter:main-539] Looking for @ControllerAdvice: org.springframework.context.support.ClassPathXmlApplicationContext@6ffe7200: startup date [Wed Mar 08 22:22:44 CST 2017]; root of context hierarchy
2017-03-08 22:22:48.551 [INFO]	[org.springframework.web.servlet.mvc.method.annotation.RequestMappingHandlerAdapter:main-539] Looking for @ControllerAdvice: org.springframework.context.support.ClassPathXmlApplicationContext@6ffe7200: startup date [Wed Mar 08 22:22:44 CST 2017]; root of context hierarchy
2017-03-08 22:22:48.604 [INFO]	[org.springframework.web.servlet.handler.SimpleUrlHandlerMapping:main-341] Mapped URL path [/js/**] onto handler 'org.springframework.web.servlet.resource.ResourceHttpRequestHandler#0'
2017-03-08 22:22:48.604 [INFO]	[org.springframework.web.servlet.handler.SimpleUrlHandlerMapping:main-341] Mapped URL path [/images/**] onto handler 'org.springframework.web.servlet.resource.ResourceHttpRequestHandler#1'
2017-03-08 22:22:48.620 [INFO]	[org.springframework.web.servlet.handler.SimpleUrlHandlerMapping:main-341] Mapped URL path [/css/**] onto handler 'org.springframework.web.servlet.resource.ResourceHttpRequestHandler#2'
